# JRE version: OpenJDK Runtime Environment (21.0.6) (build 21.0.6+-13368085-b895.109)
# Java VM: OpenJDK 64-Bit Server VM (21.0.6+-13368085-b895.109, mixed mode, tiered, compressed oops, compressed class ptrs, g1 gc, windows-amd64)
GC Precious Log:
 CardTable entry size: 512
 Card Set container configuration: InlinePtr #cards 5 size 8 Array Of Cards #cards 12 size 40 Howl #buckets 4 coarsen threshold 1843 Howl Bitmap #cards 512 size 80 coarsen threshold 460 Card regions per heap region 1 cards per card region 2048
 CPUs: 8 total, 8 available
 Memory: 7815M
 Large Page Support: Disabled
 NUMA Support: Disabled
 Compressed Oops: Enabled (32-bit)
 Heap Region Size: 1M
 Heap Min Capacity: 8M
 Heap Initial Capacity: 124M
 Heap Max Capacity: 2G
 Pre-touch: Disabled
 Parallel Workers: 8
 Concurrent Workers: 2
 Concurrent Refinement Workers: 8
 Periodic GC: Disabled
Heap:
 garbage-first heap   total 234496K, used 149504K [0x0000000080000000, 0x0000000100000000)
  region size 1024K, 17 young (17408K), 6 survivors (6144K)
 Metaspace       used 108860K, committed 110976K, reserved 1179648K
  class space    used 14758K, committed 15808K, reserved 1048576K
GC Heap History (20 events):
Event: 14.620 GC heap before
{Heap before GC invocations=28 (full 0):
 garbage-first heap   total 126976K, used 113558K [0x0000000080000000, 0x0000000100000000)
  region size 1024K, 42 young (43008K), 5 survivors (5120K)
 Metaspace       used 86173K, committed 88000K, reserved 1179648K
  class space    used 11484K, committed 12416K, reserved 1048576K
}
Event: 14.626 GC heap after
{Heap after GC invocations=29 (full 0):
 garbage-first heap   total 126976K, used 78359K [0x0000000080000000, 0x0000000100000000)
  region size 1024K, 5 young (5120K), 5 survivors (5120K)
 Metaspace       used 86173K, committed 88000K, reserved 1179648K
  class space    used 11484K, committed 12416K, reserved 1048576K
}
Event: 15.124 GC heap before
{Heap before GC invocations=30 (full 0):
 garbage-first heap   total 132096K, used 114199K [0x0000000080000000, 0x0000000100000000)
  region size 1024K, 40 young (40960K), 5 survivors (5120K)
 Metaspace       used 88745K, committed 90688K, reserved 1179648K
  class space    used 11884K, committed 12864K, reserved 1048576K
}
Event: 15.129 GC heap after
{Heap after GC invocations=31 (full 0):
 garbage-first heap   total 132096K, used 79653K [0x0000000080000000, 0x0000000100000000)
  region size 1024K, 4 young (4096K), 4 survivors (4096K)
 Metaspace       used 88745K, committed 90688K, reserved 1179648K
  class space    used 11884K, committed 12864K, reserved 1048576K
}
Event: 15.688 GC heap before
{Heap before GC invocations=31 (full 0):
 garbage-first heap   total 132096K, used 120613K [0x0000000080000000, 0x0000000100000000)
  region size 1024K, 44 young (45056K), 4 survivors (4096K)
 Metaspace       used 92145K, committed 94016K, reserved 1179648K
  class space    used 12485K, committed 13440K, reserved 1048576K
}
Event: 15.694 GC heap after
{Heap after GC invocations=32 (full 0):
 garbage-first heap   total 158720K, used 79903K [0x0000000080000000, 0x0000000100000000)
  region size 1024K, 3 young (3072K), 3 survivors (3072K)
 Metaspace       used 92145K, committed 94016K, reserved 1179648K
  class space    used 12485K, committed 13440K, reserved 1048576K
}
Event: 16.565 GC heap before
{Heap before GC invocations=32 (full 0):
 garbage-first heap   total 158720K, used 143391K [0x0000000080000000, 0x0000000100000000)
  region size 1024K, 65 young (66560K), 3 survivors (3072K)
 Metaspace       used 97254K, committed 99328K, reserved 1179648K
  class space    used 13242K, committed 14272K, reserved 1048576K
}
Event: 16.571 GC heap after
{Heap after GC invocations=33 (full 0):
 garbage-first heap   total 158720K, used 83827K [0x0000000080000000, 0x0000000100000000)
  region size 1024K, 7 young (7168K), 7 survivors (7168K)
 Metaspace       used 97254K, committed 99328K, reserved 1179648K
  class space    used 13242K, committed 14272K, reserved 1048576K
}
Event: 17.261 GC heap before
{Heap before GC invocations=34 (full 0):
 garbage-first heap   total 158720K, used 141171K [0x0000000080000000, 0x0000000100000000)
  region size 1024K, 63 young (64512K), 7 survivors (7168K)
 Metaspace       used 101830K, committed 103872K, reserved 1179648K
  class space    used 13907K, committed 14912K, reserved 1048576K
}
Event: 17.271 GC heap after
{Heap after GC invocations=35 (full 0):
 garbage-first heap   total 158720K, used 87301K [0x0000000080000000, 0x0000000100000000)
  region size 1024K, 8 young (8192K), 8 survivors (8192K)
 Metaspace       used 101830K, committed 103872K, reserved 1179648K
  class space    used 13907K, committed 14912K, reserved 1048576K
}
Event: 18.336 GC heap before
{Heap before GC invocations=35 (full 0):
 garbage-first heap   total 158720K, used 139525K [0x0000000080000000, 0x0000000100000000)
  region size 1024K, 60 young (61440K), 8 survivors (8192K)
 Metaspace       used 104433K, committed 106496K, reserved 1179648K
  class space    used 14324K, committed 15360K, reserved 1048576K
}
Event: 18.347 GC heap after
{Heap after GC invocations=36 (full 0):
 garbage-first heap   total 158720K, used 91136K [0x0000000080000000, 0x0000000100000000)
  region size 1024K, 8 young (8192K), 8 survivors (8192K)
 Metaspace       used 104433K, committed 106496K, reserved 1179648K
  class space    used 14324K, committed 15360K, reserved 1048576K
}
Event: 18.595 GC heap before
{Heap before GC invocations=36 (full 0):
 garbage-first heap   total 158720K, used 101376K [0x0000000080000000, 0x0000000100000000)
  region size 1024K, 20 young (20480K), 8 survivors (8192K)
 Metaspace       used 104708K, committed 106816K, reserved 1179648K
  class space    used 14372K, committed 15424K, reserved 1048576K
}
Event: 18.603 GC heap after
{Heap after GC invocations=37 (full 0):
 garbage-first heap   total 158720K, used 92457K [0x0000000080000000, 0x0000000100000000)
  region size 1024K, 6 young (6144K), 6 survivors (6144K)
 Metaspace       used 104708K, committed 106816K, reserved 1179648K
  class space    used 14372K, committed 15424K, reserved 1048576K
}
Event: 20.105 GC heap before
{Heap before GC invocations=38 (full 0):
 garbage-first heap   total 163840K, used 149801K [0x0000000080000000, 0x0000000100000000)
  region size 1024K, 56 young (57344K), 6 survivors (6144K)
 Metaspace       used 108002K, committed 110144K, reserved 1179648K
  class space    used 14664K, committed 15744K, reserved 1048576K
}
Event: 20.122 GC heap after
{Heap after GC invocations=39 (full 0):
 garbage-first heap   total 175104K, used 109931K [0x0000000080000000, 0x0000000100000000)
  region size 1024K, 7 young (7168K), 7 survivors (7168K)
 Metaspace       used 108002K, committed 110144K, reserved 1179648K
  class space    used 14664K, committed 15744K, reserved 1048576K
}
Event: 20.667 GC heap before
{Heap before GC invocations=39 (full 0):
 garbage-first heap   total 175104K, used 157035K [0x0000000080000000, 0x0000000100000000)
  region size 1024K, 46 young (47104K), 7 survivors (7168K)
 Metaspace       used 108315K, committed 110400K, reserved 1179648K
  class space    used 14691K, committed 15744K, reserved 1048576K
}
Event: 20.676 GC heap after
{Heap after GC invocations=40 (full 0):
 garbage-first heap   total 175104K, used 117331K [0x0000000080000000, 0x0000000100000000)
  region size 1024K, 6 young (6144K), 6 survivors (6144K)
 Metaspace       used 108315K, committed 110400K, reserved 1179648K
  class space    used 14691K, committed 15744K, reserved 1048576K
}
Event: 20.811 GC heap before
{Heap before GC invocations=40 (full 0):
 garbage-first heap   total 175104K, used 128595K [0x0000000080000000, 0x0000000100000000)
  region size 1024K, 19 young (19456K), 6 survivors (6144K)
 Metaspace       used 108349K, committed 110400K, reserved 1179648K
  class space    used 14691K, committed 15744K, reserved 1048576K
}
Event: 20.820 GC heap after
{Heap after GC invocations=41 (full 0):
 garbage-first heap   total 175104K, used 124928K [0x0000000080000000, 0x0000000100000000)
  region size 1024K, 6 young (6144K), 6 survivors (6144K)
 Metaspace       used 108349K, committed 110400K, reserved 1179648K
  class space    used 14691K, committed 15744K, reserved 1048576K
}

